============================================================
  Generated by:           Genus(TM) Synthesis Solution 18.14-s037_1
  Generated on:           May 25 2026  11:24:14 am
  Module:                 transition_detector
  Operating conditions:   typical 
  Interconnect mode:      global
  Area mode:              physical library
============================================================

                             
   Gate    Instances   Area           Library          
-------------------------------------------------------
CLKBUF_X1          1   0.798    NangateOpenCellLibrary 
DFFR_X1            2  10.640    NangateOpenCellLibrary 
XNOR2_X1           1   1.596    NangateOpenCellLibrary 
-------------------------------------------------------
total              4  13.034                           


                                       
     Type      Instances  Area  Area % 
---------------------------------------
sequential             2 10.640   81.6 
buffer                 1  0.798    6.1 
logic                  1  1.596   12.2 
physical_cells         0  0.000    0.0 
---------------------------------------
total                  4 13.034  100.0 

