============================================================
  Generated by:           Genus(TM) Synthesis Solution 18.14-s037_1
  Generated on:           May 25 2026  11:24:14 am
  Module:                 transition_detector
  Operating conditions:   typical 
  Interconnect mode:      global
  Area mode:              physical library
============================================================


Path 1: MET (270 ps) Setup Check with Pin Q0_reg/CK->D
          Group: CLK
     Startpoint: (F) in
          Clock: (R) CLK
       Endpoint: (F) Q0_reg/D
          Clock: (R) CLK

                     Capture       Launch     
        Clock Edge:+     500            0     
        Drv Adjust:+       0            0     
       Src Latency:+       0            0     
       Net Latency:+       0 (I)        0 (I) 
           Arrival:=     500            0     
                                              
             Setup:-      41                  
       Uncertainty:-      20                  
     Required Time:=     439                  
      Launch Clock:-       0                  
       Input Delay:-     100                  
         Data Path:-      69                  
             Slack:=     270                  

Exceptions/Constraints:
  input_delay             100             transition_detector._line_10 

#---------------------------------------------------------------------------------------
# Timing Point   Flags   Arc   Edge   Cell     Fanout Load Trans Delay Arrival Instance 
#                                                     (fF)  (ps)  (ps)   (ps)  Location 
#---------------------------------------------------------------------------------------
  in             -       -     F     (arrival)      1  1.0     0     0     100    (-,-) 
  drc_buf_sp/Z   -       A->Z  F     CLKBUF_X1      2  3.7    12    31     131    (-,-) 
  g19__8780/ZN   -       A->ZN F     XNOR2_X1       1  1.4     9    38     169    (-,-) 
  Q0_reg/D       <<<     -     F     DFFR_X1        1    -     -     0     169    (-,-) 
#---------------------------------------------------------------------------------------

