============================================================
  Generated by:           Genus(TM) Synthesis Solution 18.14-s037_1
  Generated on:           May 25 2026  02:37:46 pm
  Module:                 memory_module
  Operating conditions:   typical 
  Interconnect mode:      global
  Area mode:              physical library
============================================================

                                
   Gate    Instances    Area             Library          
----------------------------------------------------------
AND2_X1           42     44.688    NangateOpenCellLibrary 
AND2_X2            8     10.640    NangateOpenCellLibrary 
AND3_X1            1      1.330    NangateOpenCellLibrary 
AND4_X1           28     44.688    NangateOpenCellLibrary 
AOI211_X1          2      2.660    NangateOpenCellLibrary 
AOI21_X1           2      2.128    NangateOpenCellLibrary 
AOI221_X1          2      3.192    NangateOpenCellLibrary 
AOI222_X1          6     12.768    NangateOpenCellLibrary 
AOI22_X1        1148   1526.840    NangateOpenCellLibrary 
BUF_X4             1      1.862    NangateOpenCellLibrary 
CLKBUF_X1         10      7.980    NangateOpenCellLibrary 
DFFR_X1            9     47.880    NangateOpenCellLibrary 
HA_X1              3      7.980    NangateOpenCellLibrary 
INV_X1            63     33.516    NangateOpenCellLibrary 
INV_X16            7     31.654    NangateOpenCellLibrary 
INV_X4             1      1.330    NangateOpenCellLibrary 
INV_X8             9     21.546    NangateOpenCellLibrary 
MUX2_X1            8     14.896    NangateOpenCellLibrary 
NAND2_X1         134    106.932    NangateOpenCellLibrary 
NAND3_X1           2      2.128    NangateOpenCellLibrary 
NAND4_X1         256    340.480    NangateOpenCellLibrary 
NOR2_X1          136    108.528    NangateOpenCellLibrary 
NOR2_X2            4      5.320    NangateOpenCellLibrary 
NOR2_X4            1      2.394    NangateOpenCellLibrary 
NOR3_X1            1      1.064    NangateOpenCellLibrary 
OAI211_X1          7      9.310    NangateOpenCellLibrary 
OAI21_X1           2      2.128    NangateOpenCellLibrary 
OAI221_X1         10     15.960    NangateOpenCellLibrary 
OAI22_X1           2      2.660    NangateOpenCellLibrary 
OR2_X1             1      1.064    NangateOpenCellLibrary 
SDFFR_X1        2056  13672.400    NangateOpenCellLibrary 
TBUF_X1            8     17.024    NangateOpenCellLibrary 
XOR2_X1            1      1.596    NangateOpenCellLibrary 
----------------------------------------------------------
total           3971  16106.566                           


                                          
     Type      Instances    Area   Area % 
------------------------------------------
sequential          2065 13720.280   85.2 
inverter              80    88.046    0.5 
buffer                11     9.842    0.1 
tristate               8    17.024    0.1 
logic               1807  2271.374   14.1 
physical_cells         0     0.000    0.0 
------------------------------------------
total               3971 16106.566  100.0 

