============================================================
  Generated by:           Genus(TM) Synthesis Solution 18.14-s037_1
  Generated on:           May 25 2026  02:37:46 pm
  Module:                 memory_module
  Operating conditions:   typical 
  Interconnect mode:      global
  Area mode:              physical library
============================================================


Path 1: MET (0 ps) Setup Check with Pin out_reg_reg[4]/CK->D
          Group: CLK
     Startpoint: (F) SEQ
          Clock: (R) CLK
       Endpoint: (F) out_reg_reg[4]/D
          Clock: (R) CLK

                     Capture       Launch     
        Clock Edge:+    1000            0     
        Drv Adjust:+       0            0     
       Src Latency:+       0            0     
       Net Latency:+       0 (I)        0 (I) 
           Arrival:=    1000            0     
                                              
             Setup:-      44                  
       Uncertainty:-      50                  
     Required Time:=     906                  
      Launch Clock:-       0                  
       Input Delay:-     200                  
         Data Path:-     706                  
             Slack:=       0                  

Exceptions/Constraints:
  input_delay             200             memory_module.sdc_line_10_3_1 

#-------------------------------------------------------------------------------------------
#  Timing Point    Flags    Arc   Edge   Cell     Fanout  Load Trans Delay Arrival Instance 
#                                                         (fF)  (ps)  (ps)   (ps)  Location 
#-------------------------------------------------------------------------------------------
  SEQ              -       -      F     (arrival)      1   3.3     0     0     200    (-,-) 
  drc_bufs63081/Z  -       A->Z   F     BUF_X4        10  19.6     8    26     226    (-,-) 
  g60643/ZN        -       A1->ZN R     NAND2_X1       8  16.7    44    51     277    (-,-) 
  g60633/Z         -       S->Z   F     MUX2_X1        7  19.9    28    95     372    (-,-) 
  g60629/ZN        -       A->ZN  R     INV_X1         4   6.0    19    33     404    (-,-) 
  g60591/ZN        -       A2->ZN R     OR2_X1         2  18.6    45    70     474    (-,-) 
  g60579/ZN        -       A->ZN  F     INV_X4        92 162.0    45    72     546    (-,-) 
  g59284/ZN        -       B1->ZN R     AOI22_X1       1   1.9    25    56     602    (-,-) 
  g58262/ZN        -       A3->ZN F     NAND4_X1       1   1.9    18    34     636    (-,-) 
  g56097__1786/ZN  -       B1->ZN R     AOI22_X1       1   1.9    26    46     681    (-,-) 
  g55964__2900/ZN  -       A->ZN  F     OAI221_X1      1   1.8    17    36     717    (-,-) 
  g55891__5953/ZN  -       A->ZN  R     AOI221_X1      1   2.0    44    76     793    (-,-) 
  g55852__3772/ZN  -       B1->ZN F     OAI221_X1      1   1.8    19    35     828    (-,-) 
  g55843__2391/ZN  -       A->ZN  R     AOI21_X1       1   1.9    23    45     872    (-,-) 
  g55836__3772/ZN  -       A->ZN  F     OAI221_X1      1   1.4    17    34     906    (-,-) 
  out_reg_reg[4]/D <<<     -      F     DFFR_X1        1     -     -     0     906    (-,-) 
#-------------------------------------------------------------------------------------------

